2025-04-10T00:03:49.265Z [INFO]: Server is running on port 3000
2025-04-10T00:04:21.345Z [INFO]: POST /api/auth/register
2025-04-10T00:04:21.416Z [INFO]: Proxy request: POST /register -> http://localhost:3001/register
2025-04-10T00:09:35.721Z [INFO]: Proxy response: 408 from http://localhost:3001/register
2025-04-10T01:30:04.725Z [INFO]: POST /api/auth/register
2025-04-10T01:30:04.742Z [INFO]: Proxy request: POST /register -> http://localhost:3001/register
2025-04-10T01:33:16.039Z [INFO]: POST /api/auth/profile
2025-04-10T01:33:16.043Z [INFO]: Proxy request: POST /profile -> http://localhost:3001/profile
2025-04-10T01:35:13.914Z [INFO]: Proxy response: 408 from http://localhost:3001/register
2025-04-10T01:35:38.550Z [INFO]: Server is running on port 3000
2025-04-10T01:35:59.900Z [INFO]: POST /api/auth/profile
2025-04-10T01:35:59.952Z [INFO]: Proxy request: POST /profile -> http://localhost:3001/profile
2025-04-10T01:36:11.113Z [INFO]: GET /api/auth/profile
2025-04-10T01:36:11.115Z [INFO]: Proxy request: GET /profile -> http://localhost:3001/profile
2025-04-10T01:36:34.927Z [ERROR]: Proxy error: read ECONNRESET
2025-04-10T01:44:29.190Z [INFO]: GET /api/auth/profile
2025-04-10T01:44:29.193Z [INFO]: Proxy request: GET /profile -> http://localhost:3001/profile
2025-04-10T01:46:31.084Z [INFO]: Server is running on port 3000
2025-04-10T01:46:38.375Z [INFO]: GET /api/auth/profile
2025-04-10T01:46:38.415Z [INFO]: Proxy request: GET /profile -> http://localhost:3001/profile
2025-04-10T01:49:14.468Z [INFO]: Server is running on port 3000
2025-04-10T01:49:30.779Z [INFO]: GET /api/auth/profile
2025-04-10T01:49:30.816Z [INFO]: Proxy request: GET /profile -> http://localhost:3001/profile
2025-04-10T01:50:58.753Z [INFO]: GET /api/auth/profile
2025-04-10T01:50:58.759Z [INFO]: Proxy request: GET /profile -> http://localhost:3001/profile
2025-04-10T01:50:58.783Z [INFO]: Proxy response: 200 from http://localhost:3001/profile
2025-04-10T01:50:58.917Z [INFO]: GET /favicon.ico
2025-04-10T01:55:02.106Z [INFO]: GET /api/auth/profile
2025-04-10T01:55:02.109Z [INFO]: Proxy request: GET /profile -> http://localhost:3001/profile
2025-04-10T01:56:55.186Z [INFO]: Server is running on port 3000
2025-04-10T01:57:56.904Z [INFO]: GET /api/auth/profile
2025-04-10T01:57:56.981Z [INFO]: Proxy request: GET /profile -> http://localhost:3001/profile
2025-04-10T02:00:45.713Z [INFO]: GET /api/auth/profile
2025-04-10T02:00:45.717Z [INFO]: Proxy request: GET /profile -> http://localhost:3001/profile
2025-04-10T05:30:36.458Z [INFO]: Server is running on port 3000
2025-04-10T08:59:38.318Z [INFO]: POST /api/auth/register
2025-04-10T08:59:38.411Z [INFO]: Proxy request: POST /register -> http://localhost:3001/register
2025-04-10T08:59:43.347Z [INFO]: POST /api/auth/register
2025-04-10T08:59:43.351Z [INFO]: Proxy request: POST /register -> http://localhost:3001/register
2025-04-10T09:00:37.016Z [INFO]: POST /api/auth/register
2025-04-10T09:00:37.018Z [INFO]: Proxy request: POST /register -> http://localhost:3001/register
2025-04-10T09:00:42.035Z [INFO]: POST /api/auth/register
2025-04-10T09:00:42.038Z [INFO]: Proxy request: POST /register -> http://localhost:3001/register
